Build started 12/13/2015 11:43:03 PM.
     1>Project "D:\WarshipSimulation\WarshipSimulation.vcxproj" on node 2 (Build target(s)).
     1>ClCompile:
         C:\Program Files (x86)\Microsoft Visual Studio 12.0\VC\bin\CL.exe /c /ZI /nologo /W3 /WX- /sdl /Od /Oy- /D _CRT_SECURE_NO_DEPRECATE /D _MBCS /Gm /EHsc /RTC1 /MDd /GS /fp:precise /Zc:wchar_t /Zc:forScope /Fo"Debug\\" /Fd"Debug\vc120.pdb" /Gd /TP /analyze- /errorReport:prompt WarshipSimulation.cpp
         WarshipSimulation.cpp
         GLM: version 0.9.7.1
         GLM: Windows platform detected
         GLM: Visual C++ compiler detected
         GLM: 32 bits model
         GLM: Platform independent code
         GLM: C++0x
         GLM: Language extensions enabled
         GLM: Swizzling operators disabled, #define GLM_SWIZZLE to enable swizzle operators
         GLM: .length() returns glm::length_t, a typedef of int following the GLSL specification
         GLM: Core library included
         GLM: GLM_GTC_constants extension included
         GLM: GLM_GTC_matrix_transform extension included
         GLM: GLM_GTC_quaternion extension included
         GLM: GLM_GTC_type_ptr extension included
     1>d:\warshipsimulation\warship.hpp(46): warning C4244: '=' : conversion from 'double' to 'float', possible loss of data
     1>d:\warshipsimulation\warshipsimulation.cpp(261): warning C4018: '<' : signed/unsigned mismatch
     1>d:\warshipsimulation\warshipsimulation.cpp(594): warning C4244: 'argument' : conversion from 'double' to 'int', possible loss of data
       Link:
         C:\Program Files (x86)\Microsoft Visual Studio 12.0\VC\bin\link.exe /ERRORREPORT:PROMPT /OUT:"D:\WarshipSimulation\Debug\WarshipSimulation.exe" /INCREMENTAL /NOLOGO freeglut.lib glew32.lib kernel32.lib user32.lib gdi32.lib winspool.lib comdlg32.lib advapi32.lib shell32.lib ole32.lib oleaut32.lib uuid.lib odbc32.lib odbccp32.lib /MANIFEST /MANIFESTUAC:"level='asInvoker' uiAccess='false'" /manifest:embed /DEBUG /PDB:"D:\WarshipSimulation\Debug\WarshipSimulation.pdb" /TLBID:1 /DYNAMICBASE /NXCOMPAT /IMPLIB:"D:\WarshipSimulation\Debug\WarshipSimulation.lib" /MACHINE:X86 Debug\WarshipSimulation.obj
         WarshipSimulation.vcxproj -> D:\WarshipSimulation\Debug\WarshipSimulation.exe
     1>Done Building Project "D:\WarshipSimulation\WarshipSimulation.vcxproj" (Build target(s)).

Build succeeded.

Time Elapsed 00:00:21.40
